"GET /admin/Category/category/ HTTP/1.1" 200 12761
"GET /admin/jsi18n/ HTTP/1.1" 200 8876
"GET /admin/Category/category/5/change/ HTTP/1.1" 200 12381
"GET /admin/jsi18n/ HTTP/1.1" 200 8876
"GET /admin/Category/category/ HTTP/1.1" 200 12761
"GET /admin/Category/category/1/change/ HTTP/1.1" 200 12375
"GET /admin/jsi18n/ HTTP/1.1" 200 8876
"GET /admin/Category/category/1/delete/ HTTP/1.1" 200 10680
"GET /static/admin/js/cancel.js HTTP/1.1" 304 0
Internal Server Error: /admin/Category/category/1/delete/
Traceback (most recent call last):
  File "/home/lucas/Documentos/python-django-tcc-academia-sci-2023/virtual_enviroment/lib/python3.10/site-packages/django/db/backends/base/base.py", line 313, in _commit
    return self.connection.commit()
sqlite3.IntegrityError: FOREIGN KEY constraint failed

The above exception was the direct cause of the following exception:

Traceback (most recent call last):
  File "/home/lucas/Documentos/python-django-tcc-academia-sci-2023/virtual_enviroment/lib/python3.10/site-packages/django/core/handlers/exception.py", line 55, in inner
    response = get_response(request)
  File "/home/lucas/Documentos/python-django-tcc-academia-sci-2023/virtual_enviroment/lib/python3.10/site-packages/django/core/handlers/base.py", line 197, in _get_response
    response = wrapped_callback(request, *callback_args, **callback_kwargs)
  File "/home/lucas/Documentos/python-django-tcc-academia-sci-2023/virtual_enviroment/lib/python3.10/site-packages/django/contrib/admin/options.py", line 688, in wrapper
    return self.admin_site.admin_view(view)(*args, **kwargs)
  File "/home/lucas/Documentos/python-django-tcc-academia-sci-2023/virtual_enviroment/lib/python3.10/site-packages/django/utils/decorators.py", line 134, in _wrapper_view
    response = view_func(request, *args, **kwargs)
  File "/home/lucas/Documentos/python-django-tcc-academia-sci-2023/virtual_enviroment/lib/python3.10/site-packages/django/views/decorators/cache.py", line 62, in _wrapper_view_func
    response = view_func(request, *args, **kwargs)
  File "/home/lucas/Documentos/python-django-tcc-academia-sci-2023/virtual_enviroment/lib/python3.10/site-packages/django/contrib/admin/sites.py", line 242, in inner
    return view(request, *args, **kwargs)
  File "/home/lucas/Documentos/python-django-tcc-academia-sci-2023/virtual_enviroment/lib/python3.10/site-packages/django/utils/decorators.py", line 46, in _wrapper
    return bound_method(*args, **kwargs)
  File "/home/lucas/Documentos/python-django-tcc-academia-sci-2023/virtual_enviroment/lib/python3.10/site-packages/django/utils/decorators.py", line 134, in _wrapper_view
    response = view_func(request, *args, **kwargs)
  File "/home/lucas/Documentos/python-django-tcc-academia-sci-2023/virtual_enviroment/lib/python3.10/site-packages/django/contrib/admin/options.py", line 2105, in delete_view
    with transaction.atomic(using=router.db_for_write(self.model)):
  File "/home/lucas/Documentos/python-django-tcc-academia-sci-2023/virtual_enviroment/lib/python3.10/site-packages/django/db/transaction.py", line 263, in __exit__
    connection.commit()
  File "/home/lucas/Documentos/python-django-tcc-academia-sci-2023/virtual_enviroment/lib/python3.10/site-packages/django/utils/asyncio.py", line 26, in inner
    return func(*args, **kwargs)
  File "/home/lucas/Documentos/python-django-tcc-academia-sci-2023/virtual_enviroment/lib/python3.10/site-packages/django/db/backends/base/base.py", line 337, in commit
    self._commit()
  File "/home/lucas/Documentos/python-django-tcc-academia-sci-2023/virtual_enviroment/lib/python3.10/site-packages/django/db/backends/base/base.py", line 312, in _commit
    with debug_transaction(self, "COMMIT"), self.wrap_database_errors:
  File "/home/lucas/Documentos/python-django-tcc-academia-sci-2023/virtual_enviroment/lib/python3.10/site-packages/django/db/utils.py", line 91, in __exit__
    raise dj_exc_value.with_traceback(traceback) from exc_value
  File "/home/lucas/Documentos/python-django-tcc-academia-sci-2023/virtual_enviroment/lib/python3.10/site-packages/django/db/backends/base/base.py", line 313, in _commit
    return self.connection.commit()
django.db.utils.IntegrityError: FOREIGN KEY constraint failed
"POST /admin/Category/category/1/delete/ HTTP/1.1" 500 129499
"GET /admin/Category/category/1/delete/ HTTP/1.1" 200 10840
"GET /admin/Category/category/1/change/ HTTP/1.1" 200 12375
"GET /admin/Category/category/1/delete/ HTTP/1.1" 200 10680
Internal Server Error: /admin/Category/category/1/delete/
Traceback (most recent call last):
  File "/home/lucas/Documentos/python-django-tcc-academia-sci-2023/virtual_enviroment/lib/python3.10/site-packages/django/db/backends/base/base.py", line 313, in _commit
    return self.connection.commit()
sqlite3.IntegrityError: FOREIGN KEY constraint failed

The above exception was the direct cause of the following exception:

Traceback (most recent call last):
  File "/home/lucas/Documentos/python-django-tcc-academia-sci-2023/virtual_enviroment/lib/python3.10/site-packages/django/core/handlers/exception.py", line 55, in inner
    response = get_response(request)
  File "/home/lucas/Documentos/python-django-tcc-academia-sci-2023/virtual_enviroment/lib/python3.10/site-packages/django/core/handlers/base.py", line 197, in _get_response
    response = wrapped_callback(request, *callback_args, **callback_kwargs)
  File "/home/lucas/Documentos/python-django-tcc-academia-sci-2023/virtual_enviroment/lib/python3.10/site-packages/django/contrib/admin/options.py", line 688, in wrapper
    return self.admin_site.admin_view(view)(*args, **kwargs)
  File "/home/lucas/Documentos/python-django-tcc-academia-sci-2023/virtual_enviroment/lib/python3.10/site-packages/django/utils/decorators.py", line 134, in _wrapper_view
    response = view_func(request, *args, **kwargs)
  File "/home/lucas/Documentos/python-django-tcc-academia-sci-2023/virtual_enviroment/lib/python3.10/site-packages/django/views/decorators/cache.py", line 62, in _wrapper_view_func
    response = view_func(request, *args, **kwargs)
  File "/home/lucas/Documentos/python-django-tcc-academia-sci-2023/virtual_enviroment/lib/python3.10/site-packages/django/contrib/admin/sites.py", line 242, in inner
    return view(request, *args, **kwargs)
  File "/home/lucas/Documentos/python-django-tcc-academia-sci-2023/virtual_enviroment/lib/python3.10/site-packages/django/utils/decorators.py", line 46, in _wrapper
    return bound_method(*args, **kwargs)
  File "/home/lucas/Documentos/python-django-tcc-academia-sci-2023/virtual_enviroment/lib/python3.10/site-packages/django/utils/decorators.py", line 134, in _wrapper_view
    response = view_func(request, *args, **kwargs)
  File "/home/lucas/Documentos/python-django-tcc-academia-sci-2023/virtual_enviroment/lib/python3.10/site-packages/django/contrib/admin/options.py", line 2105, in delete_view
    with transaction.atomic(using=router.db_for_write(self.model)):
  File "/home/lucas/Documentos/python-django-tcc-academia-sci-2023/virtual_enviroment/lib/python3.10/site-packages/django/db/transaction.py", line 263, in __exit__
    connection.commit()
  File "/home/lucas/Documentos/python-django-tcc-academia-sci-2023/virtual_enviroment/lib/python3.10/site-packages/django/utils/asyncio.py", line 26, in inner
    return func(*args, **kwargs)
  File "/home/lucas/Documentos/python-django-tcc-academia-sci-2023/virtual_enviroment/lib/python3.10/site-packages/django/db/backends/base/base.py", line 337, in commit
    self._commit()
  File "/home/lucas/Documentos/python-django-tcc-academia-sci-2023/virtual_enviroment/lib/python3.10/site-packages/django/db/backends/base/base.py", line 312, in _commit
    with debug_transaction(self, "COMMIT"), self.wrap_database_errors:
  File "/home/lucas/Documentos/python-django-tcc-academia-sci-2023/virtual_enviroment/lib/python3.10/site-packages/django/db/utils.py", line 91, in __exit__
    raise dj_exc_value.with_traceback(traceback) from exc_value
  File "/home/lucas/Documentos/python-django-tcc-academia-sci-2023/virtual_enviroment/lib/python3.10/site-packages/django/db/backends/base/base.py", line 313, in _commit
    return self.connection.commit()
django.db.utils.IntegrityError: FOREIGN KEY constraint failed
"POST /admin/Category/category/1/delete/ HTTP/1.1" 500 129499
"GET /admin/Category/category/1/delete/ HTTP/1.1" 200 10840
"GET /admin/Category/category/1/change/ HTTP/1.1" 200 12375
"POST /admin/Category/category/1/change/ HTTP/1.1" 302 0
"GET /admin/Category/category/ HTTP/1.1" 200 12966
"GET /admin/jsi18n/ HTTP/1.1" 200 8876
"GET /admin/Category/category/2/change/ HTTP/1.1" 200 12363
"GET /admin/jsi18n/ HTTP/1.1" 200 8876
"POST /admin/Category/category/2/change/ HTTP/1.1" 302 0
"GET /admin/Category/category/ HTTP/1.1" 200 12972
"GET /admin/jsi18n/ HTTP/1.1" 200 8876
"GET /category/main_menu_category HTTP/1.1" 200 10055
"GET /category/update_category/3 HTTP/1.1" 200 5577
"POST /category/update_category/3 HTTP/1.1" 302 0
"GET /category/main_menu_category HTTP/1.1" 200 10414
"GET /product/main_menu_product HTTP/1.1" 200 13162
"GET /product/update_product/8 HTTP/1.1" 200 6151
"POST /product/update_product/8 HTTP/1.1" 302 0
"GET /product/main_menu_product HTTP/1.1" 200 13261
"GET /product/main_menu_product HTTP/1.1" 200 13184
"POST /product/deactivate_product/4 HTTP/1.1" 302 0
"GET /product/main_menu_product HTTP/1.1" 200 13231
"POST /product/deactivate_product/9 HTTP/1.1" 302 0
"GET /product/main_menu_product HTTP/1.1" 200 13278
"POST /product/deactivate_product/11 HTTP/1.1" 302 0
"GET /product/main_menu_product HTTP/1.1" 200 13325
"POST /product/deactivate_product/10 HTTP/1.1" 302 0
"GET /product/main_menu_product HTTP/1.1" 200 13372
/home/lucas/Documentos/python-django-tcc-academia-sci-2023/apps/Product/models.py changed, reloading.
Watching for file changes with StatReloader
/home/lucas/Documentos/python-django-tcc-academia-sci-2023/apps/Product/models.py changed, reloading.
Watching for file changes with StatReloader
/home/lucas/Documentos/python-django-tcc-academia-sci-2023/apps/Product/models.py changed, reloading.
Watching for file changes with StatReloader
/home/lucas/Documentos/python-django-tcc-academia-sci-2023/apps/Product/models.py changed, reloading.
Watching for file changes with StatReloader
/home/lucas/Documentos/python-django-tcc-academia-sci-2023/apps/Product/models.py changed, reloading.
Watching for file changes with StatReloader
/home/lucas/Documentos/python-django-tcc-academia-sci-2023/apps/Product/models.py changed, reloading.
Watching for file changes with StatReloader
/home/lucas/Documentos/python-django-tcc-academia-sci-2023/apps/Product/models.py changed, reloading.
Watching for file changes with StatReloader
/home/lucas/Documentos/python-django-tcc-academia-sci-2023/apps/Product/models.py changed, reloading.
Watching for file changes with StatReloader
/home/lucas/Documentos/python-django-tcc-academia-sci-2023/apps/Product/models.py changed, reloading.
Watching for file changes with StatReloader
/home/lucas/Documentos/python-django-tcc-academia-sci-2023/apps/Product/models.py changed, reloading.
Watching for file changes with StatReloader
/home/lucas/Documentos/python-django-tcc-academia-sci-2023/apps/Product/models.py changed, reloading.
Watching for file changes with StatReloader
/home/lucas/Documentos/python-django-tcc-academia-sci-2023/apps/Product/models.py changed, reloading.
Watching for file changes with StatReloader
/home/lucas/Documentos/python-django-tcc-academia-sci-2023/apps/Product/models.py changed, reloading.
Watching for file changes with StatReloader
/home/lucas/Documentos/python-django-tcc-academia-sci-2023/apps/Product/models.py changed, reloading.
Watching for file changes with StatReloader
/home/lucas/Documentos/python-django-tcc-academia-sci-2023/apps/Product/models.py changed, reloading.
Watching for file changes with StatReloader
/home/lucas/Documentos/python-django-tcc-academia-sci-2023/apps/Product/models.py changed, reloading.
Watching for file changes with StatReloader
/home/lucas/Documentos/python-django-tcc-academia-sci-2023/apps/Product/models.py changed, reloading.
Watching for file changes with StatReloader
/home/lucas/Documentos/python-django-tcc-academia-sci-2023/apps/Product/models.py changed, reloading.
Watching for file changes with StatReloader
/home/lucas/Documentos/python-django-tcc-academia-sci-2023/apps/Product/models.py changed, reloading.
Watching for file changes with StatReloader
/home/lucas/Documentos/python-django-tcc-academia-sci-2023/apps/Product/models.py changed, reloading.
Watching for file changes with StatReloader
/home/lucas/Documentos/python-django-tcc-academia-sci-2023/apps/Product/models.py changed, reloading.
Watching for file changes with StatReloader
/home/lucas/Documentos/python-django-tcc-academia-sci-2023/apps/Product/views.py changed, reloading.
Watching for file changes with StatReloader
